{"/Users/chiranjeevthomas/Documents/string-calculator-tdd-typescript/greeter.ts": {"path":"/Users/chiranjeevthomas/Documents/string-calculator-tdd-typescript/greeter.ts","statementMap":{"0":{"start":{"line":3,"column":3},"end":{"line":10,"column":null}},"1":{"start":{"line":5,"column":6},"end":{"line":5,"column":28}},"2":{"start":{"line":8,"column":7},"end":{"line":8,"column":31}},"3":{"start":{"line":1,"column":0},"end":{"line":1,"column":16}}},"fnMap":{"0":{"name":"greeter","decl":{"start":{"line":1,"column":16},"end":{"line":1,"column":23}},"loc":{"start":{"line":1,"column":23},"end":{"line":11,"column":1}}},"1":{"name":"(anonymous_1)","decl":{"start":{"line":4,"column":16},"end":{"line":4,"column":null}},"loc":{"start":{"line":4,"column":16},"end":{"line":6,"column":5}}},"2":{"name":"(anonymous_2)","decl":{"start":{"line":7,"column":17},"end":{"line":7,"column":26}},"loc":{"start":{"line":7,"column":38},"end":{"line":9,"column":5}}}},"branchMap":{},"s":{"0":2,"1":1,"2":1,"3":1},"f":{"0":2,"1":1,"2":1},"b":{}}
,"/Users/chiranjeevthomas/Documents/string-calculator-tdd-typescript/src/index.ts": {"path":"/Users/chiranjeevthomas/Documents/string-calculator-tdd-typescript/src/index.ts","statementMap":{"0":{"start":{"line":4,"column":29},"end":{"line":8,"column":null}},"1":{"start":{"line":6,"column":20},"end":{"line":6,"column":62}},"2":{"start":{"line":11,"column":19},"end":{"line":11,"column":76}},"3":{"start":{"line":11,"column":64},"end":{"line":11,"column":75}},"4":{"start":{"line":12,"column":4},"end":{"line":12,"column":18}},"5":{"start":{"line":15,"column":21},"end":{"line":15,"column":32}},"6":{"start":{"line":17,"column":4},"end":{"line":24,"column":null}},"7":{"start":{"line":18,"column":6},"end":{"line":18,"column":49}},"8":{"start":{"line":19,"column":6},"end":{"line":19,"column":43}},"9":{"start":{"line":20,"column":6},"end":{"line":20,"column":53}},"10":{"start":{"line":21,"column":11},"end":{"line":24,"column":null}},"11":{"start":{"line":22,"column":6},"end":{"line":22,"column":46}},"12":{"start":{"line":23,"column":6},"end":{"line":23,"column":53}},"13":{"start":{"line":25,"column":4},"end":{"line":25,"column":42}},"14":{"start":{"line":26,"column":18},"end":{"line":26,"column":48}},"15":{"start":{"line":28,"column":4},"end":{"line":31,"column":8}},"16":{"start":{"line":29,"column":6},"end":{"line":31,"column":8}},"17":{"start":{"line":33,"column":14},"end":{"line":33,"column":32}},"18":{"start":{"line":35,"column":4},"end":{"line":35,"column":15}},"19":{"start":{"line":39,"column":29},"end":{"line":41,"column":null}},"20":{"start":{"line":40,"column":28},"end":{"line":40,"column":36}},"21":{"start":{"line":44,"column":18},"end":{"line":44,"column":75}},"22":{"start":{"line":44,"column":63},"end":{"line":44,"column":74}},"23":{"start":{"line":46,"column":4},"end":{"line":46,"column":17}},"24":{"start":{"line":49,"column":16},"end":{"line":51,"column":59}},"25":{"start":{"line":50,"column":24},"end":{"line":50,"column":44}},"26":{"start":{"line":51,"column":29},"end":{"line":51,"column":55}},"27":{"start":{"line":52,"column":4},"end":{"line":52,"column":15}},"28":{"start":{"line":56,"column":4},"end":{"line":56,"column":48}},"29":{"start":{"line":60,"column":4},"end":{"line":60,"column":32}},"30":{"start":{"line":64,"column":4},"end":{"line":64,"column":33}},"31":{"start":{"line":68,"column":4},"end":{"line":68,"column":50}},"32":{"start":{"line":68,"column":32},"end":{"line":68,"column":48}},"33":{"start":{"line":72,"column":4},"end":{"line":72,"column":52}},"34":{"start":{"line":72,"column":34},"end":{"line":72,"column":50}},"35":{"start":{"line":76,"column":4},"end":{"line":76,"column":31}},"36":{"start":{"line":76,"column":22},"end":{"line":76,"column":31}},"37":{"start":{"line":78,"column":14},"end":{"line":78,"column":26}},"38":{"start":{"line":80,"column":4},"end":{"line":80,"column":15}},"39":{"start":{"line":84,"column":21},"end":{"line":84,"column":32}},"40":{"start":{"line":86,"column":20},"end":{"line":86,"column":32}},"41":{"start":{"line":87,"column":20},"end":{"line":87,"column":22}},"42":{"start":{"line":90,"column":4},"end":{"line":92,"column":null}},"43":{"start":{"line":91,"column":6},"end":{"line":91,"column":29}},"44":{"start":{"line":93,"column":4},"end":{"line":93,"column":39}},"45":{"start":{"line":97,"column":21},"end":{"line":97,"column":32}},"46":{"start":{"line":99,"column":22},"end":{"line":99,"column":35}},"47":{"start":{"line":101,"column":4},"end":{"line":101,"column":38}},"48":{"start":{"line":1,"column":0},"end":{"line":1,"column":13}}},"fnMap":{"0":{"name":"(anonymous_0)","decl":{"start":{"line":2,"column":2},"end":{"line":2,"column":17}},"loc":{"start":{"line":2,"column":2},"end":{"line":2,"column":18}}},"1":{"name":"(anonymous_1)","decl":{"start":{"line":3,"column":10},"end":{"line":3,"column":22}},"loc":{"start":{"line":3,"column":56},"end":{"line":13,"column":3}}},"2":{"name":"(anonymous_2)","decl":{"start":{"line":6,"column":13},"end":{"line":6,"column":14}},"loc":{"start":{"line":6,"column":20},"end":{"line":6,"column":62}}},"3":{"name":"(anonymous_3)","decl":{"start":{"line":11,"column":54},"end":{"line":11,"column":55}},"loc":{"start":{"line":11,"column":64},"end":{"line":11,"column":75}}},"4":{"name":"(anonymous_4)","decl":{"start":{"line":14,"column":9},"end":{"line":14,"column":12}},"loc":{"start":{"line":14,"column":24},"end":{"line":36,"column":3}}},"5":{"name":"(anonymous_5)","decl":{"start":{"line":38,"column":10},"end":{"line":38,"column":18}},"loc":{"start":{"line":38,"column":52},"end":{"line":47,"column":3}}},"6":{"name":"(anonymous_6)","decl":{"start":{"line":40,"column":21},"end":{"line":40,"column":22}},"loc":{"start":{"line":40,"column":28},"end":{"line":40,"column":36}}},"7":{"name":"(anonymous_7)","decl":{"start":{"line":44,"column":53},"end":{"line":44,"column":54}},"loc":{"start":{"line":44,"column":63},"end":{"line":44,"column":74}}},"8":{"name":"(anonymous_8)","decl":{"start":{"line":48,"column":10},"end":{"line":48,"column":16}},"loc":{"start":{"line":48,"column":32},"end":{"line":53,"column":3}}},"9":{"name":"(anonymous_9)","decl":{"start":{"line":50,"column":14},"end":{"line":50,"column":15}},"loc":{"start":{"line":50,"column":24},"end":{"line":50,"column":44}}},"10":{"name":"(anonymous_10)","decl":{"start":{"line":51,"column":14},"end":{"line":51,"column":15}},"loc":{"start":{"line":51,"column":29},"end":{"line":51,"column":55}}},"11":{"name":"(anonymous_11)","decl":{"start":{"line":55,"column":10},"end":{"line":55,"column":40}},"loc":{"start":{"line":55,"column":52},"end":{"line":57,"column":3}}},"12":{"name":"(anonymous_12)","decl":{"start":{"line":59,"column":10},"end":{"line":59,"column":28}},"loc":{"start":{"line":59,"column":40},"end":{"line":61,"column":3}}},"13":{"name":"(anonymous_13)","decl":{"start":{"line":63,"column":10},"end":{"line":63,"column":31}},"loc":{"start":{"line":63,"column":43},"end":{"line":65,"column":3}}},"14":{"name":"(anonymous_14)","decl":{"start":{"line":67,"column":10},"end":{"line":67,"column":21}},"loc":{"start":{"line":67,"column":37},"end":{"line":69,"column":3}}},"15":{"name":"(anonymous_15)","decl":{"start":{"line":68,"column":22},"end":{"line":68,"column":23}},"loc":{"start":{"line":68,"column":32},"end":{"line":68,"column":48}}},"16":{"name":"(anonymous_16)","decl":{"start":{"line":71,"column":10},"end":{"line":71,"column":21}},"loc":{"start":{"line":71,"column":37},"end":{"line":73,"column":3}}},"17":{"name":"(anonymous_17)","decl":{"start":{"line":72,"column":24},"end":{"line":72,"column":25}},"loc":{"start":{"line":72,"column":34},"end":{"line":72,"column":50}}},"18":{"name":"(anonymous_18)","decl":{"start":{"line":75,"column":9},"end":{"line":75,"column":18}},"loc":{"start":{"line":75,"column":31},"end":{"line":81,"column":3}}},"19":{"name":"(anonymous_19)","decl":{"start":{"line":83,"column":9},"end":{"line":83,"column":22}},"loc":{"start":{"line":83,"column":34},"end":{"line":94,"column":3}}},"20":{"name":"(anonymous_20)","decl":{"start":{"line":96,"column":9},"end":{"line":96,"column":21}},"loc":{"start":{"line":96,"column":33},"end":{"line":102,"column":3}}}},"branchMap":{"0":{"loc":{"start":{"line":17,"column":4},"end":{"line":24,"column":null}},"type":"if","locations":[{"start":{"line":17,"column":4},"end":{"line":24,"column":null}},{"start":{"line":21,"column":11},"end":{"line":24,"column":null}}]},"1":{"loc":{"start":{"line":21,"column":11},"end":{"line":24,"column":null}},"type":"if","locations":[{"start":{"line":21,"column":11},"end":{"line":24,"column":null}}]},"2":{"loc":{"start":{"line":28,"column":4},"end":{"line":31,"column":8}},"type":"if","locations":[{"start":{"line":28,"column":4},"end":{"line":31,"column":8}}]},"3":{"loc":{"start":{"line":76,"column":4},"end":{"line":76,"column":31}},"type":"if","locations":[{"start":{"line":76,"column":4},"end":{"line":76,"column":31}}]}},"s":{"0":0,"1":0,"2":0,"3":0,"4":0,"5":17,"6":17,"7":1,"8":1,"9":1,"10":16,"11":1,"12":1,"13":17,"14":17,"15":16,"16":2,"17":14,"18":14,"19":17,"20":36,"21":16,"22":51,"23":16,"24":14,"25":41,"26":40,"27":14,"28":2,"29":16,"30":17,"31":16,"32":45,"33":2,"34":7,"35":40,"36":2,"37":38,"38":38,"39":1,"40":1,"41":1,"42":1,"43":1,"44":1,"45":0,"46":0,"47":0,"48":1},"f":{"0":17,"1":0,"2":0,"3":0,"4":17,"5":17,"6":36,"7":51,"8":14,"9":41,"10":40,"11":2,"12":16,"13":17,"14":16,"15":45,"16":2,"17":7,"18":40,"19":1,"20":0},"b":{"0":[1,16],"1":[1],"2":[2],"3":[2]}}
}
