{"/Users/chiranjeevthomas/Documents/string-calculator-tdd-typescript/greeter.ts": {"path":"/Users/chiranjeevthomas/Documents/string-calculator-tdd-typescript/greeter.ts","statementMap":{"0":{"start":{"line":3,"column":3},"end":{"line":10,"column":null}},"1":{"start":{"line":5,"column":6},"end":{"line":5,"column":28}},"2":{"start":{"line":8,"column":7},"end":{"line":8,"column":31}},"3":{"start":{"line":1,"column":0},"end":{"line":1,"column":16}}},"fnMap":{"0":{"name":"greeter","decl":{"start":{"line":1,"column":16},"end":{"line":1,"column":23}},"loc":{"start":{"line":1,"column":23},"end":{"line":11,"column":1}}},"1":{"name":"(anonymous_1)","decl":{"start":{"line":4,"column":16},"end":{"line":4,"column":null}},"loc":{"start":{"line":4,"column":16},"end":{"line":6,"column":5}}},"2":{"name":"(anonymous_2)","decl":{"start":{"line":7,"column":17},"end":{"line":7,"column":26}},"loc":{"start":{"line":7,"column":38},"end":{"line":9,"column":5}}}},"branchMap":{},"s":{"0":2,"1":1,"2":1,"3":1},"f":{"0":2,"1":1,"2":1},"b":{}}
,"/Users/chiranjeevthomas/Documents/string-calculator-tdd-typescript/src/index.ts": {"path":"/Users/chiranjeevthomas/Documents/string-calculator-tdd-typescript/src/index.ts","statementMap":{"0":{"start":{"line":5,"column":21},"end":{"line":5,"column":32}},"1":{"start":{"line":7,"column":4},"end":{"line":15,"column":null}},"2":{"start":{"line":8,"column":30},"end":{"line":8,"column":65}},"3":{"start":{"line":10,"column":31},"end":{"line":10,"column":76}},"4":{"start":{"line":12,"column":6},"end":{"line":12,"column":56}},"5":{"start":{"line":13,"column":11},"end":{"line":15,"column":null}},"6":{"start":{"line":14,"column":6},"end":{"line":14,"column":50}},"7":{"start":{"line":17,"column":18},"end":{"line":17,"column":48}},"8":{"start":{"line":19,"column":4},"end":{"line":22,"column":8}},"9":{"start":{"line":20,"column":6},"end":{"line":22,"column":8}},"10":{"start":{"line":24,"column":14},"end":{"line":24,"column":32}},"11":{"start":{"line":26,"column":4},"end":{"line":26,"column":15}},"12":{"start":{"line":30,"column":4},"end":{"line":30,"column":59}},"13":{"start":{"line":30,"column":30},"end":{"line":30,"column":59}},"14":{"start":{"line":32,"column":4},"end":{"line":32,"column":26}},"15":{"start":{"line":35,"column":16},"end":{"line":37,"column":59}},"16":{"start":{"line":36,"column":24},"end":{"line":36,"column":44}},"17":{"start":{"line":37,"column":29},"end":{"line":37,"column":55}},"18":{"start":{"line":38,"column":4},"end":{"line":38,"column":15}},"19":{"start":{"line":42,"column":4},"end":{"line":42,"column":33}},"20":{"start":{"line":46,"column":4},"end":{"line":46,"column":48}},"21":{"start":{"line":50,"column":4},"end":{"line":50,"column":32}},"22":{"start":{"line":54,"column":4},"end":{"line":54,"column":50}},"23":{"start":{"line":54,"column":32},"end":{"line":54,"column":48}},"24":{"start":{"line":58,"column":4},"end":{"line":58,"column":50}},"25":{"start":{"line":58,"column":39},"end":{"line":58,"column":50}},"26":{"start":{"line":59,"column":4},"end":{"line":59,"column":61}},"27":{"start":{"line":63,"column":4},"end":{"line":63,"column":52}},"28":{"start":{"line":63,"column":34},"end":{"line":63,"column":50}},"29":{"start":{"line":67,"column":4},"end":{"line":67,"column":31}},"30":{"start":{"line":67,"column":22},"end":{"line":67,"column":31}},"31":{"start":{"line":69,"column":14},"end":{"line":69,"column":26}},"32":{"start":{"line":71,"column":4},"end":{"line":71,"column":15}},"33":{"start":{"line":75,"column":29},"end":{"line":77,"column":40}},"34":{"start":{"line":77,"column":22},"end":{"line":77,"column":39}},"35":{"start":{"line":79,"column":4},"end":{"line":81,"column":null}},"36":{"start":{"line":80,"column":6},"end":{"line":80,"column":16}},"37":{"start":{"line":82,"column":4},"end":{"line":82,"column":28}},"38":{"start":{"line":85,"column":21},"end":{"line":85,"column":32}},"39":{"start":{"line":87,"column":22},"end":{"line":87,"column":35}},"40":{"start":{"line":89,"column":4},"end":{"line":89,"column":38}},"41":{"start":{"line":1,"column":0},"end":{"line":1,"column":13}}},"fnMap":{"0":{"name":"(anonymous_0)","decl":{"start":{"line":2,"column":2},"end":{"line":2,"column":17}},"loc":{"start":{"line":2,"column":2},"end":{"line":2,"column":18}}},"1":{"name":"(anonymous_1)","decl":{"start":{"line":4,"column":9},"end":{"line":4,"column":12}},"loc":{"start":{"line":4,"column":24},"end":{"line":27,"column":3}}},"2":{"name":"(anonymous_2)","decl":{"start":{"line":29,"column":10},"end":{"line":29,"column":18}},"loc":{"start":{"line":29,"column":52},"end":{"line":33,"column":3}}},"3":{"name":"(anonymous_3)","decl":{"start":{"line":34,"column":10},"end":{"line":34,"column":16}},"loc":{"start":{"line":34,"column":32},"end":{"line":39,"column":3}}},"4":{"name":"(anonymous_4)","decl":{"start":{"line":36,"column":14},"end":{"line":36,"column":15}},"loc":{"start":{"line":36,"column":24},"end":{"line":36,"column":44}}},"5":{"name":"(anonymous_5)","decl":{"start":{"line":37,"column":14},"end":{"line":37,"column":15}},"loc":{"start":{"line":37,"column":29},"end":{"line":37,"column":55}}},"6":{"name":"(anonymous_6)","decl":{"start":{"line":41,"column":10},"end":{"line":41,"column":31}},"loc":{"start":{"line":41,"column":43},"end":{"line":43,"column":3}}},"7":{"name":"(anonymous_7)","decl":{"start":{"line":45,"column":10},"end":{"line":45,"column":40}},"loc":{"start":{"line":45,"column":52},"end":{"line":47,"column":3}}},"8":{"name":"(anonymous_8)","decl":{"start":{"line":49,"column":10},"end":{"line":49,"column":28}},"loc":{"start":{"line":49,"column":40},"end":{"line":51,"column":3}}},"9":{"name":"(anonymous_9)","decl":{"start":{"line":53,"column":10},"end":{"line":53,"column":21}},"loc":{"start":{"line":53,"column":37},"end":{"line":55,"column":3}}},"10":{"name":"(anonymous_10)","decl":{"start":{"line":54,"column":22},"end":{"line":54,"column":23}},"loc":{"start":{"line":54,"column":32},"end":{"line":54,"column":48}}},"11":{"name":"(anonymous_11)","decl":{"start":{"line":57,"column":10},"end":{"line":57,"column":28}},"loc":{"start":{"line":57,"column":54},"end":{"line":60,"column":3}}},"12":{"name":"(anonymous_12)","decl":{"start":{"line":62,"column":10},"end":{"line":62,"column":21}},"loc":{"start":{"line":62,"column":37},"end":{"line":64,"column":3}}},"13":{"name":"(anonymous_13)","decl":{"start":{"line":63,"column":24},"end":{"line":63,"column":25}},"loc":{"start":{"line":63,"column":34},"end":{"line":63,"column":50}}},"14":{"name":"(anonymous_14)","decl":{"start":{"line":66,"column":9},"end":{"line":66,"column":18}},"loc":{"start":{"line":66,"column":31},"end":{"line":72,"column":3}}},"15":{"name":"(anonymous_15)","decl":{"start":{"line":74,"column":9},"end":{"line":74,"column":32}},"loc":{"start":{"line":74,"column":56},"end":{"line":83,"column":3}}},"16":{"name":"(anonymous_16)","decl":{"start":{"line":77,"column":12},"end":{"line":77,"column":13}},"loc":{"start":{"line":77,"column":22},"end":{"line":77,"column":39}}},"17":{"name":"(anonymous_17)","decl":{"start":{"line":84,"column":9},"end":{"line":84,"column":21}},"loc":{"start":{"line":84,"column":33},"end":{"line":90,"column":3}}}},"branchMap":{"0":{"loc":{"start":{"line":7,"column":4},"end":{"line":15,"column":null}},"type":"if","locations":[{"start":{"line":7,"column":4},"end":{"line":15,"column":null}},{"start":{"line":13,"column":11},"end":{"line":15,"column":null}}]},"1":{"loc":{"start":{"line":13,"column":11},"end":{"line":15,"column":null}},"type":"if","locations":[{"start":{"line":13,"column":11},"end":{"line":15,"column":null}}]},"2":{"loc":{"start":{"line":19,"column":4},"end":{"line":22,"column":8}},"type":"if","locations":[{"start":{"line":19,"column":4},"end":{"line":22,"column":8}}]},"3":{"loc":{"start":{"line":58,"column":4},"end":{"line":58,"column":50}},"type":"if","locations":[{"start":{"line":58,"column":4},"end":{"line":58,"column":50}}]},"4":{"loc":{"start":{"line":67,"column":4},"end":{"line":67,"column":31}},"type":"if","locations":[{"start":{"line":67,"column":4},"end":{"line":67,"column":31}}]},"5":{"loc":{"start":{"line":75,"column":29},"end":{"line":77,"column":40}},"type":"cond-expr","locations":[{"start":{"line":76,"column":26},"end":{"line":76,"column":null}},{"start":{"line":76,"column":26},"end":{"line":77,"column":40}}]},"6":{"loc":{"start":{"line":75,"column":29},"end":{"line":76,"column":null}},"type":"binary-expr","locations":[{"start":{"line":75,"column":29},"end":{"line":76,"column":null}},{"start":{"line":76,"column":26},"end":{"line":76,"column":null}}]},"7":{"loc":{"start":{"line":79,"column":4},"end":{"line":81,"column":null}},"type":"if","locations":[{"start":{"line":79,"column":4},"end":{"line":81,"column":null}}]}},"s":{"0":18,"1":18,"2":2,"3":2,"4":2,"5":16,"6":1,"7":18,"8":18,"9":2,"10":16,"11":16,"12":18,"13":40,"14":18,"15":16,"16":57,"17":50,"18":16,"19":18,"20":0,"21":16,"22":18,"23":61,"24":2,"25":0,"26":2,"27":2,"28":7,"29":50,"30":6,"31":44,"32":44,"33":2,"34":3,"35":2,"36":0,"37":2,"38":0,"39":0,"40":0,"41":1},"f":{"0":18,"1":18,"2":18,"3":16,"4":57,"5":50,"6":18,"7":0,"8":16,"9":18,"10":61,"11":2,"12":2,"13":7,"14":50,"15":2,"16":3,"17":0},"b":{"0":[2,16],"1":[1],"2":[2],"3":[0],"4":[6],"5":[0,2],"6":[2,2],"7":[0]}}
}
