TN:
SF:greeter.ts
FN:1,greeter
FN:4,(anonymous_1)
FN:7,(anonymous_2)
FNF:3
FNH:3
FNDA:2,greeter
FNDA:1,(anonymous_1)
FNDA:1,(anonymous_2)
DA:1,1
DA:3,2
DA:5,1
DA:8,1
LF:4
LH:4
BRF:0
BRH:0
end_of_record
TN:
SF:src/index.ts
FN:2,(anonymous_0)
FN:3,(anonymous_1)
FN:27,(anonymous_2)
FN:29,(anonymous_3)
FN:33,(anonymous_4)
FN:37,(anonymous_5)
FN:39,(anonymous_6)
FN:40,(anonymous_7)
FN:44,(anonymous_8)
FN:48,(anonymous_9)
FN:52,(anonymous_10)
FN:56,(anonymous_11)
FN:57,(anonymous_12)
FN:60,(anonymous_13)
FN:61,(anonymous_14)
FN:64,(anonymous_15)
FN:72,(anonymous_16)
FN:85,(anonymous_17)
FNF:18
FNH:17
FNDA:17,(anonymous_0)
FNDA:17,(anonymous_1)
FNDA:17,(anonymous_2)
FNDA:36,(anonymous_3)
FNDA:51,(anonymous_4)
FNDA:14,(anonymous_5)
FNDA:41,(anonymous_6)
FNDA:40,(anonymous_7)
FNDA:2,(anonymous_8)
FNDA:16,(anonymous_9)
FNDA:17,(anonymous_10)
FNDA:16,(anonymous_11)
FNDA:45,(anonymous_12)
FNDA:2,(anonymous_13)
FNDA:7,(anonymous_14)
FNDA:40,(anonymous_15)
FNDA:1,(anonymous_16)
FNDA:0,(anonymous_17)
DA:1,1
DA:4,17
DA:6,17
DA:7,1
DA:8,1
DA:9,1
DA:10,16
DA:11,1
DA:12,1
DA:14,17
DA:15,17
DA:17,16
DA:18,2
DA:22,14
DA:24,14
DA:28,17
DA:29,36
DA:33,51
DA:35,16
DA:38,14
DA:39,41
DA:40,40
DA:41,14
DA:45,2
DA:49,16
DA:53,17
DA:57,45
DA:61,7
DA:65,40
DA:67,38
DA:69,38
DA:73,1
DA:75,1
DA:76,1
DA:79,1
DA:80,1
DA:82,1
DA:86,0
DA:88,0
DA:90,0
LF:40
LH:37
BRDA:6,0,0,1
BRDA:6,0,1,16
BRDA:10,1,0,1
BRDA:17,2,0,2
BRDA:65,3,0,2
BRF:5
BRH:5
end_of_record
