TN:
SF:greeter.ts
FN:1,greeter
FN:4,(anonymous_1)
FN:7,(anonymous_2)
FNF:3
FNH:3
FNDA:2,greeter
FNDA:1,(anonymous_1)
FNDA:1,(anonymous_2)
DA:1,1
DA:3,2
DA:5,1
DA:8,1
LF:4
LH:4
BRF:0
BRH:0
end_of_record
TN:
SF:src/index.ts
FN:2,(anonymous_0)
FN:72,(anonymous_1)
FN:4,(anonymous_2)
FN:28,(anonymous_3)
FN:30,(anonymous_4)
FN:33,(anonymous_5)
FN:37,(anonymous_6)
FN:39,(anonymous_7)
FN:40,(anonymous_8)
FN:44,(anonymous_9)
FN:48,(anonymous_10)
FN:52,(anonymous_11)
FN:56,(anonymous_12)
FN:57,(anonymous_13)
FN:60,(anonymous_14)
FN:61,(anonymous_15)
FN:64,(anonymous_16)
FN:84,(anonymous_17)
FN:97,(anonymous_18)
FNF:19
FNH:16
FNDA:16,(anonymous_0)
FNDA:0,(anonymous_1)
FNDA:16,(anonymous_2)
FNDA:16,(anonymous_3)
FNDA:33,(anonymous_4)
FNDA:51,(anonymous_5)
FNDA:14,(anonymous_6)
FNDA:41,(anonymous_7)
FNDA:40,(anonymous_8)
FNDA:1,(anonymous_9)
FNDA:16,(anonymous_10)
FNDA:16,(anonymous_11)
FNDA:16,(anonymous_12)
FNDA:45,(anonymous_13)
FNDA:2,(anonymous_14)
FNDA:7,(anonymous_15)
FNDA:40,(anonymous_16)
FNDA:0,(anonymous_17)
FNDA:0,(anonymous_18)
DA:1,1
DA:5,16
DA:7,16
DA:8,0
DA:10,0
DA:11,16
DA:12,1
DA:13,1
DA:16,16
DA:18,16
DA:19,2
DA:23,14
DA:25,14
DA:29,16
DA:30,33
DA:33,51
DA:35,16
DA:38,14
DA:39,41
DA:40,40
DA:41,14
DA:45,1
DA:49,16
DA:53,16
DA:57,45
DA:61,7
DA:65,40
DA:67,38
DA:69,38
DA:72,16
DA:77,0
DA:78,0
DA:81,0
DA:85,0
DA:87,0
DA:88,0
DA:91,0
DA:92,0
DA:94,0
DA:98,0
DA:100,0
DA:102,0
LF:42
LH:28
BRDA:7,0,0,0
BRDA:7,0,1,16
BRDA:11,1,0,1
BRDA:18,2,0,2
BRDA:65,3,0,2
BRF:5
BRH:4
end_of_record
