TN:
SF:greeter.ts
FN:1,greeter
FN:4,(anonymous_1)
FN:7,(anonymous_2)
FNF:3
FNH:3
FNDA:2,greeter
FNDA:1,(anonymous_1)
FNDA:1,(anonymous_2)
DA:1,1
DA:3,2
DA:5,1
DA:8,1
LF:4
LH:4
BRF:0
BRH:0
end_of_record
TN:
SF:src/index.ts
FN:2,(anonymous_0)
FN:4,(anonymous_1)
FN:32,(anonymous_2)
FN:34,(anonymous_3)
FN:37,(anonymous_4)
FN:41,(anonymous_5)
FN:43,(anonymous_6)
FN:44,(anonymous_7)
FN:48,(anonymous_8)
FN:52,(anonymous_9)
FN:56,(anonymous_10)
FN:60,(anonymous_11)
FN:61,(anonymous_12)
FN:64,(anonymous_13)
FN:65,(anonymous_14)
FN:68,(anonymous_15)
FN:76,(anonymous_16)
FN:89,(anonymous_17)
FNF:18
FNH:16
FNDA:17,(anonymous_0)
FNDA:17,(anonymous_1)
FNDA:16,(anonymous_2)
FNDA:33,(anonymous_3)
FNDA:51,(anonymous_4)
FNDA:15,(anonymous_5)
FNDA:44,(anonymous_6)
FNDA:43,(anonymous_7)
FNDA:17,(anonymous_8)
FNDA:2,(anonymous_9)
FNDA:16,(anonymous_10)
FNDA:16,(anonymous_11)
FNDA:45,(anonymous_12)
FNDA:2,(anonymous_13)
FNDA:7,(anonymous_14)
FNDA:43,(anonymous_15)
FNDA:0,(anonymous_16)
FNDA:0,(anonymous_17)
DA:1,1
DA:5,17
DA:7,17
DA:8,1
DA:10,1
DA:12,1
DA:14,1
DA:15,16
DA:16,1
DA:17,1
DA:20,16
DA:22,16
DA:23,2
DA:27,14
DA:29,14
DA:33,16
DA:34,33
DA:37,51
DA:39,16
DA:42,15
DA:43,44
DA:44,43
DA:45,15
DA:49,17
DA:53,2
DA:57,16
DA:61,45
DA:65,7
DA:69,43
DA:71,41
DA:73,41
DA:77,0
DA:79,0
DA:80,0
DA:83,0
DA:84,0
DA:86,0
DA:90,0
DA:92,0
DA:94,0
LF:40
LH:31
BRDA:7,0,0,1
BRDA:7,0,1,16
BRDA:15,1,0,1
BRDA:22,2,0,2
BRDA:69,3,0,2
BRF:5
BRH:5
end_of_record
